2018-09-03 16:36:25 - crawler - INFO - The login task is starting...
2018-09-05 16:12:51 - crawler - INFO - The login task is starting...
2018-09-05 16:12:53 - other - INFO - Login successful! The login account is 13604288533
2018-09-05 16:13:55 - crawler - INFO - We are searching keyword "刘强东"
2018-09-05 16:13:55 - crawler - INFO - the crawling url is http://s.weibo.com/weibo/%E5%88%98%E5%BC%BA%E4%B8%9C&scope=ori&suball=1&page=1
2018-09-05 16:14:09 - crawler - INFO - the crawling url is http://s.weibo.com/weibo/%E5%88%98%E5%BC%BA%E4%B8%9C&scope=ori&suball=1&page=2
2018-09-05 16:14:23 - crawler - INFO - the crawling url is http://s.weibo.com/weibo/%E5%88%98%E5%BC%BA%E4%B8%9C&scope=ori&suball=1&page=3
2018-09-05 16:14:37 - crawler - INFO - the crawling url is http://s.weibo.com/weibo/%E5%88%98%E5%BC%BA%E4%B8%9C&scope=ori&suball=1&page=4
2018-09-05 16:14:50 - crawler - INFO - the crawling url is http://s.weibo.com/weibo/%E5%88%98%E5%BC%BA%E4%B8%9C&scope=ori&suball=1&page=5
2018-09-05 16:15:04 - crawler - INFO - the crawling url is http://s.weibo.com/weibo/%E5%88%98%E5%BC%BA%E4%B8%9C&scope=ori&suball=1&page=6
2018-09-05 16:15:17 - crawler - INFO - the crawling url is http://s.weibo.com/weibo/%E5%88%98%E5%BC%BA%E4%B8%9C&scope=ori&suball=1&page=7
2018-09-05 16:15:31 - crawler - INFO - the crawling url is http://s.weibo.com/weibo/%E5%88%98%E5%BC%BA%E4%B8%9C&scope=ori&suball=1&page=8
2018-09-05 16:15:45 - crawler - INFO - the crawling url is http://s.weibo.com/weibo/%E5%88%98%E5%BC%BA%E4%B8%9C&scope=ori&suball=1&page=9
2018-09-05 16:15:59 - crawler - INFO - the crawling url is http://s.weibo.com/weibo/%E5%88%98%E5%BC%BA%E4%B8%9C&scope=ori&suball=1&page=10
2018-09-05 16:16:13 - crawler - INFO - the crawling url is http://s.weibo.com/weibo/%E5%88%98%E5%BC%BA%E4%B8%9C&scope=ori&suball=1&page=11
2018-09-05 16:16:26 - crawler - INFO - the crawling url is http://s.weibo.com/weibo/%E5%88%98%E5%BC%BA%E4%B8%9C&scope=ori&suball=1&page=12
2018-09-05 16:16:40 - crawler - INFO - the crawling url is http://s.weibo.com/weibo/%E5%88%98%E5%BC%BA%E4%B8%9C&scope=ori&suball=1&page=13
2018-09-05 16:16:54 - crawler - INFO - the crawling url is http://s.weibo.com/weibo/%E5%88%98%E5%BC%BA%E4%B8%9C&scope=ori&suball=1&page=14
2018-09-05 16:17:08 - crawler - INFO - the crawling url is http://s.weibo.com/weibo/%E5%88%98%E5%BC%BA%E4%B8%9C&scope=ori&suball=1&page=15
2018-09-05 16:17:21 - crawler - INFO - the crawling url is http://s.weibo.com/weibo/%E5%88%98%E5%BC%BA%E4%B8%9C&scope=ori&suball=1&page=16
2018-09-05 16:17:36 - crawler - INFO - the crawling url is http://s.weibo.com/weibo/%E5%88%98%E5%BC%BA%E4%B8%9C&scope=ori&suball=1&page=17
2018-09-05 16:17:50 - crawler - INFO - the crawling url is http://s.weibo.com/weibo/%E5%88%98%E5%BC%BA%E4%B8%9C&scope=ori&suball=1&page=18
2018-09-05 16:18:03 - crawler - INFO - the crawling url is http://s.weibo.com/weibo/%E5%88%98%E5%BC%BA%E4%B8%9C&scope=ori&suball=1&page=19
2018-09-05 16:18:17 - crawler - INFO - the crawling url is http://s.weibo.com/weibo/%E5%88%98%E5%BC%BA%E4%B8%9C&scope=ori&suball=1&page=20
2018-09-05 16:18:31 - crawler - INFO - the crawling url is http://s.weibo.com/weibo/%E5%88%98%E5%BC%BA%E4%B8%9C&scope=ori&suball=1&page=21
2018-09-05 16:18:44 - crawler - INFO - the crawling url is http://s.weibo.com/weibo/%E5%88%98%E5%BC%BA%E4%B8%9C&scope=ori&suball=1&page=22
2018-09-05 16:18:57 - crawler - INFO - the crawling url is http://s.weibo.com/weibo/%E5%88%98%E5%BC%BA%E4%B8%9C&scope=ori&suball=1&page=23
2018-09-05 16:19:11 - crawler - INFO - the crawling url is http://s.weibo.com/weibo/%E5%88%98%E5%BC%BA%E4%B8%9C&scope=ori&suball=1&page=24
2018-09-05 16:19:25 - crawler - INFO - the crawling url is http://s.weibo.com/weibo/%E5%88%98%E5%BC%BA%E4%B8%9C&scope=ori&suball=1&page=25
2018-09-05 16:19:38 - crawler - INFO - the crawling url is http://s.weibo.com/weibo/%E5%88%98%E5%BC%BA%E4%B8%9C&scope=ori&suball=1&page=26
2018-09-05 16:19:52 - crawler - INFO - the crawling url is http://s.weibo.com/weibo/%E5%88%98%E5%BC%BA%E4%B8%9C&scope=ori&suball=1&page=27
2018-09-05 16:20:06 - crawler - INFO - the crawling url is http://s.weibo.com/weibo/%E5%88%98%E5%BC%BA%E4%B8%9C&scope=ori&suball=1&page=28
2018-09-05 16:20:19 - crawler - INFO - the crawling url is http://s.weibo.com/weibo/%E5%88%98%E5%BC%BA%E4%B8%9C&scope=ori&suball=1&page=29
2018-09-05 16:20:33 - crawler - INFO - the crawling url is http://s.weibo.com/weibo/%E5%88%98%E5%BC%BA%E4%B8%9C&scope=ori&suball=1&page=30
2018-09-05 16:20:46 - crawler - INFO - the crawling url is http://s.weibo.com/weibo/%E5%88%98%E5%BC%BA%E4%B8%9C&scope=ori&suball=1&page=31
2018-09-05 16:21:00 - crawler - INFO - the crawling url is http://s.weibo.com/weibo/%E5%88%98%E5%BC%BA%E4%B8%9C&scope=ori&suball=1&page=32
2018-09-05 16:21:13 - crawler - INFO - the crawling url is http://s.weibo.com/weibo/%E5%88%98%E5%BC%BA%E4%B8%9C&scope=ori&suball=1&page=33
2018-09-05 16:21:27 - crawler - INFO - the crawling url is http://s.weibo.com/weibo/%E5%88%98%E5%BC%BA%E4%B8%9C&scope=ori&suball=1&page=34
2018-09-05 16:21:41 - crawler - INFO - the crawling url is http://s.weibo.com/weibo/%E5%88%98%E5%BC%BA%E4%B8%9C&scope=ori&suball=1&page=35
2018-09-05 16:21:54 - crawler - INFO - the crawling url is http://s.weibo.com/weibo/%E5%88%98%E5%BC%BA%E4%B8%9C&scope=ori&suball=1&page=36
2018-09-05 16:22:08 - crawler - INFO - the crawling url is http://s.weibo.com/weibo/%E5%88%98%E5%BC%BA%E4%B8%9C&scope=ori&suball=1&page=37
2018-09-05 16:22:22 - crawler - INFO - the crawling url is http://s.weibo.com/weibo/%E5%88%98%E5%BC%BA%E4%B8%9C&scope=ori&suball=1&page=38
2018-09-05 16:22:35 - crawler - INFO - the crawling url is http://s.weibo.com/weibo/%E5%88%98%E5%BC%BA%E4%B8%9C&scope=ori&suball=1&page=39
2018-09-05 16:22:49 - crawler - INFO - the crawling url is http://s.weibo.com/weibo/%E5%88%98%E5%BC%BA%E4%B8%9C&scope=ori&suball=1&page=40
2018-09-05 16:23:03 - crawler - INFO - the crawling url is http://s.weibo.com/weibo/%E5%88%98%E5%BC%BA%E4%B8%9C&scope=ori&suball=1&page=41
2018-09-05 16:23:15 - crawler - WARNING - Account 13604288533 has been banned
2018-09-05 16:23:15 - crawler - WARNING - No cookie in cookies pool. Maybe all accounts are banned, or all cookies are expired
2018-09-05 16:23:16 - other - ERROR - Failed to send emails, (535, b'5.7.8 authentication failed') is raised, here are details:  File "/Users/richard/PycharmProjects/weibospider/utils/email_warning.py", line 48, in send_email
    server.login(email_from, email_pass)

2018-09-05 16:23:17 - crawler - ERROR - failed to crawl http://s.weibo.com/weibo/%E5%88%98%E5%BC%BA%E4%B8%9C&scope=ori&suball=1&page=41，here are details:'NoneType' object is not subscriptable, stack is   File "/Users/richard/PycharmProjects/weibospider/decorators/decorators.py", line 17, in time_limit
    return func(*args, **kargs)

2018-09-05 16:23:17 - crawler - WARNING - No search result for keyword 刘强东, the source page is 
